Prospino 2 slepton cross-sections.

Prospino uses a SLHA file and calculates the cross-sections 
for 15 processes that are related. They are numbered from 0 to 14 as follows.

!  final_state_in = ll                                                      !
!  ipart1_in   = 0        sel,sel + ser,ser  (first generation)             !
!                1        sel,sel                                           !
!                2        ser,ser                                           !
!                3        snel,snel                                         !
!                4        sel+,snl                                          !
!                5        sel-,snl                                          !
!                6        stau1,stau1                                       !
!                7        stau2,stau2                                       !
!                8        stau1,stau2                                       !
!                9        sntau,sntau                                       !
!               10        stau1+,sntau                                      !
!               11        stau1-,sntau                                      !
!               12        stau2+,sntau                                      !
!               13        stau2-,sntau                                      !
!               14        H+,H- in Drell-Yan channel                        ! 

We are mostly interested in ipart1_in = 0-5. These are for 
just one generation and need to be doubled to apply to selectrons and smuons. 
The stau related cross-sections may have some dependence on mixing 
angle assumptions.

Here are the outputs for sel=300, ser=300, snel=289 GeV at 13.6 TeV. Use the NLO[pb] columns.

Four our inclusive slepton-cascade samples, we want to assume the sleptonR is decoupled and 
calculate
XSTOT = 2.0*(xs_1 + xs_3 + xs_4 + xs_5) 

    i1 i2  dummy0 dummy1 scafac  m1    m2      angle LO[pb]   rel_error NLO[pb]   rel_error   K    LO_ms[pb] NLO_ms[pb]  
ll  0  0     0.0    0.0    1.0  300.0  300.0  0.000 0.543E-02 0.906E-03 0.652E-02 0.755E-03 1.2019 0.543E-02 0.653E-02
ll  1  0     0.0    0.0    1.0  300.0  300.0  0.000 0.391E-02 0.905E-03 0.471E-02 0.755E-03 1.2026 0.392E-02 0.471E-02
ll  2  0     0.0    0.0    1.0  300.0  300.0  0.000 0.151E-02 0.908E-03 0.182E-02 0.756E-03 1.2003 0.151E-02 0.182E-02
ll  3  0     0.0    0.0    1.0  289.0  289.0  0.000 0.426E-02 0.904E-03 0.515E-02 0.755E-03 1.2079 0.427E-02 0.515E-02
ll  4  0     0.0    0.0    1.0  300.0  289.0  0.000 0.104E-01 0.899E-03 0.125E-01 0.755E-03 1.1943 0.105E-01 0.125E-01
ll  5  0     0.0    0.0    1.0  300.0  289.0  0.000 0.473E-02 0.930E-03 0.577E-02 0.777E-03 1.2197 0.474E-02 0.578E-02
ll  6  0     0.0    0.0    1.0  300.0  300.0  1.000 0.180E-02 0.908E-03 0.216E-02 0.756E-03 1.2001 0.180E-02 0.216E-02
ll  7  0     0.0    0.0    1.0  300.0  300.0  1.000 0.180E-02 0.908E-03 0.216E-02 0.756E-03 1.2001 0.180E-02 0.216E-02
ll  8  0     0.0    0.0    1.0  300.0  300.0  1.000 0.918E-03 0.904E-03 0.111E-02 0.755E-03 1.2056 0.919E-03 0.111E-02
ll  9  0     0.0    0.0    1.0  289.0  289.0  0.000 0.426E-02 0.904E-03 0.515E-02 0.755E-03 1.2079 0.427E-02 0.515E-02
ll 10  0     0.0    0.0    1.0  300.0  289.0  1.000 0.522E-02 0.899E-03 0.624E-02 0.755E-03 1.1943 0.523E-02 0.625E-02
ll 11  0     0.0    0.0    1.0  300.0  289.0  1.000 0.237E-02 0.930E-03 0.289E-02 0.777E-03 1.2197 0.237E-02 0.289E-02
ll 12  0     0.0    0.0    1.0  300.0  289.0  1.000 0.522E-02 0.899E-03 0.624E-02 0.755E-03 1.1943 0.523E-02 0.625E-02
ll 13  0     0.0    0.0    1.0  300.0  289.0  1.000 0.237E-02 0.930E-03 0.289E-02 0.777E-03 1.2197 0.237E-02 0.289E-02
ll 14  0     0.0    0.0    1.0 1009.9 1009.9  0.000 0.925E-05 0.901E-03 0.103E-04 0.748E-03 1.1113 0.926E-05 0.103E-04

XSTOT = 2.0*(4.71 + 5.15 + 12.5 + 5.77) = 56.26 fb

and for sel=220, ser=220, snel=209 GeV at 13.6 TeV

    i1 i2  dummy0 dummy1 scafac  m1    m2      angle LO[pb]   rel_error NLO[pb]   rel_error   K    LO_ms[pb] NLO_ms[pb]  
ll  0  0     0.0    0.0    1.0  220.0  220.0  0.000 0.178E-01 0.908E-03 0.221E-01 0.741E-03 1.2412 0.179E-01 0.222E-01
ll  1  0     0.0    0.0    1.0  220.0  220.0  0.000 0.129E-01 0.908E-03 0.160E-01 0.741E-03 1.2428 0.129E-01 0.161E-01
ll  2  0     0.0    0.0    1.0  220.0  220.0  0.000 0.494E-02 0.911E-03 0.611E-02 0.742E-03 1.2371 0.495E-02 0.612E-02
ll  3  0     0.0    0.0    1.0  209.0  209.0  0.000 0.149E-01 0.906E-03 0.187E-01 0.738E-03 1.2553 0.149E-01 0.187E-01
ll  4  0     0.0    0.0    1.0  220.0  209.0  0.000 0.339E-01 0.904E-03 0.421E-01 0.739E-03 1.2426 0.339E-01 0.422E-01
ll  5  0     0.0    0.0    1.0  220.0  209.0  0.000 0.169E-01 0.931E-03 0.213E-01 0.757E-03 1.2583 0.170E-01 0.213E-01
ll  6  0     0.0    0.0    1.0  220.0  220.0  1.000 0.585E-02 0.911E-03 0.723E-02 0.743E-03 1.2366 0.586E-02 0.724E-02
ll  7  0     0.0    0.0    1.0  220.0  220.0  1.000 0.585E-02 0.911E-03 0.723E-02 0.743E-03 1.2366 0.586E-02 0.724E-02
ll  8  0     0.0    0.0    1.0  220.0  220.0  1.000 0.307E-02 0.906E-03 0.384E-02 0.739E-03 1.2499 0.307E-02 0.384E-02
ll  9  0     0.0    0.0    1.0  209.0  209.0  0.000 0.149E-01 0.906E-03 0.187E-01 0.738E-03 1.2553 0.149E-01 0.187E-01
ll 10  0     0.0    0.0    1.0  220.0  209.0  1.000 0.170E-01 0.904E-03 0.211E-01 0.739E-03 1.2426 0.170E-01 0.211E-01
ll 11  0     0.0    0.0    1.0  220.0  209.0  1.000 0.847E-02 0.931E-03 0.107E-01 0.757E-03 1.2583 0.848E-02 0.107E-01
ll 12  0     0.0    0.0    1.0  220.0  209.0  1.000 0.170E-01 0.904E-03 0.211E-01 0.739E-03 1.2426 0.170E-01 0.211E-01
ll 13  0     0.0    0.0    1.0  220.0  209.0  1.000 0.847E-02 0.931E-03 0.107E-01 0.757E-03 1.2583 0.848E-02 0.107E-01
ll 14  0     0.0    0.0    1.0 1009.9 1009.9  0.000 0.925E-05 0.901E-03 0.103E-04 0.748E-03 1.1113 0.926E-05 0.103E-04

resulting in 

XSTOT = 2.0*(16.0 + 18.7 + 42.1 + 21.3) = 196.2 fb

